<?xml version="1.0" encoding="UTF-8"?>
<!-- Generated by org.testng.reporters.JUnitReportReporter -->
<testsuite hostname="santoshlavanya" name="testcases.VerifyLoginPagewithreports" tests="1" failures="0" timestamp="11 May 2017 00:39:45 GMT" time="24.643" errors="0">
  <testcase name="testhomepage" time="24.643" classname="testcases.VerifyLoginPagewithreports"/>
</testsuite> <!-- testcases.VerifyLoginPagewithreports -->
