<?xml version="1.0" encoding="UTF-8"?>
<!-- Generated by org.testng.reporters.JUnitReportReporter -->
<testsuite hostname="santoshlavanya" name="testcases.VerifyLoginPage" tests="1" failures="0" timestamp="10 May 2017 16:53:45 GMT" time="22.477" errors="0">
  <testcase name="testhomepage" time="22.477" classname="testcases.VerifyLoginPage"/>
</testsuite> <!-- testcases.VerifyLoginPage -->
