<?xml version="1.0" encoding="UTF-8"?>
<!-- Generated by org.testng.reporters.JUnitReportReporter -->
<testsuite hostname="santoshlavanya" name="testcases.VerifyHomePage" tests="1" failures="0" timestamp="11 May 2017 00:38:39 GMT" time="15.206" errors="0">
  <testcase name="testhomepage" time="15.206" classname="testcases.VerifyHomePage"/>
</testsuite> <!-- testcases.VerifyHomePage -->
